CRITICAL - 2022-08-28 11:11:32 --> Call to a member function getCompiledSelect() on int
in APPPATH\Controllers\Ingreso.php on line 42.
 1 SYSTEMPATH\CodeIgniter.php(904): App\Controllers\Ingreso->signIn()
 2 SYSTEMPATH\CodeIgniter.php(457): CodeIgniter\CodeIgniter->runController(Object(App\Controllers\Ingreso))
 3 SYSTEMPATH\CodeIgniter.php(340): CodeIgniter\CodeIgniter->handleRequest(null, Object(Config\Cache), false)
 4 FCPATH\index.php(67): CodeIgniter\CodeIgniter->run()
CRITICAL - 2022-08-28 11:13:32 --> Object of class CodeIgniter\Database\MySQLi\Builder could not be converted to int
in APPPATH\Controllers\Ingreso.php on line 43.
 1 APPPATH\Controllers\Ingreso.php(43): CodeIgniter\Debug\Exceptions->errorHandler(8, 'Object of class CodeIgniter\\Database\\MySQLi\\Builder could not be converted to int', 'APPPATH\\Controllers\\Ingreso.php', 43, [...])
 2 SYSTEMPATH\CodeIgniter.php(904): App\Controllers\Ingreso->signIn()
 3 SYSTEMPATH\CodeIgniter.php(457): CodeIgniter\CodeIgniter->runController(Object(App\Controllers\Ingreso))
 4 SYSTEMPATH\CodeIgniter.php(340): CodeIgniter\CodeIgniter->handleRequest(null, Object(Config\Cache), false)
 5 FCPATH\index.php(67): CodeIgniter\CodeIgniter->run()
CRITICAL - 2022-08-28 11:13:59 --> Object of class CodeIgniter\Database\MySQLi\Builder could not be converted to string
in APPPATH\Controllers\Ingreso.php on line 44.
 1 SYSTEMPATH\CodeIgniter.php(904): App\Controllers\Ingreso->signIn()
 2 SYSTEMPATH\CodeIgniter.php(457): CodeIgniter\CodeIgniter->runController(Object(App\Controllers\Ingreso))
 3 SYSTEMPATH\CodeIgniter.php(340): CodeIgniter\CodeIgniter->handleRequest(null, Object(Config\Cache), false)
 4 FCPATH\index.php(67): CodeIgniter\CodeIgniter->run()
CRITICAL - 2022-08-28 12:05:12 --> Undefined property: CodeIgniter\Database\MySQLi\Builder::$suministro
in APPPATH\Controllers\Ingreso.php on line 48.
 1 APPPATH\Controllers\Ingreso.php(48): CodeIgniter\Debug\Exceptions->errorHandler(8, 'Undefined property: CodeIgniter\\Database\\MySQLi\\Builder::$suministro', 'APPPATH\\Controllers\\Ingreso.php', 48, [...])
 2 SYSTEMPATH\CodeIgniter.php(904): App\Controllers\Ingreso->signIn()
 3 SYSTEMPATH\CodeIgniter.php(457): CodeIgniter\CodeIgniter->runController(Object(App\Controllers\Ingreso))
 4 SYSTEMPATH\CodeIgniter.php(340): CodeIgniter\CodeIgniter->handleRequest(null, Object(Config\Cache), false)
 5 FCPATH\index.php(67): CodeIgniter\CodeIgniter->run()
CRITICAL - 2022-08-28 12:05:51 --> Undefined property: CodeIgniter\Database\MySQLi\Result::$suministro
in APPPATH\Controllers\Ingreso.php on line 48.
 1 APPPATH\Controllers\Ingreso.php(48): CodeIgniter\Debug\Exceptions->errorHandler(8, 'Undefined property: CodeIgniter\\Database\\MySQLi\\Result::$suministro', 'APPPATH\\Controllers\\Ingreso.php', 48, [...])
 2 SYSTEMPATH\CodeIgniter.php(904): App\Controllers\Ingreso->signIn()
 3 SYSTEMPATH\CodeIgniter.php(457): CodeIgniter\CodeIgniter->runController(Object(App\Controllers\Ingreso))
 4 SYSTEMPATH\CodeIgniter.php(340): CodeIgniter\CodeIgniter->handleRequest(null, Object(Config\Cache), false)
 5 FCPATH\index.php(67): CodeIgniter\CodeIgniter->run()
ERROR - 2022-08-28 12:23:57 --> mysqli_sql_exception: Unknown column 'persona.deleted_at' in 'where clause' in C:\xampp\htdocs\fise\system\Database\MySQLi\Connection.php:292
Stack trace:
#0 C:\xampp\htdocs\fise\system\Database\MySQLi\Connection.php(292): mysqli->query('SELECT *\nFROM `...', 0)
#1 C:\xampp\htdocs\fise\system\Database\BaseConnection.php(693): CodeIgniter\Database\MySQLi\Connection->execute('SELECT *\nFROM `...')
#2 C:\xampp\htdocs\fise\system\Database\BaseConnection.php(620): CodeIgniter\Database\BaseConnection->simpleQuery('SELECT *\nFROM `...')
#3 C:\xampp\htdocs\fise\system\Database\BaseBuilder.php(1585): CodeIgniter\Database\BaseConnection->query('SELECT *\nFROM `...', Array, false)
#4 C:\xampp\htdocs\fise\system\Model.php(181): CodeIgniter\Database\BaseBuilder->get()
#5 C:\xampp\htdocs\fise\system\BaseModel.php(523): CodeIgniter\Model->doFind(true, '48411441')
#6 C:\xampp\htdocs\fise\app\Controllers\Ingreso.php(49): CodeIgniter\BaseModel->find('48411441')
#7 C:\xampp\htdocs\fise\system\CodeIgniter.php(904): App\Controllers\Ingreso->signIn()
#8 C:\xampp\htdocs\fise\system\CodeIgniter.php(457): CodeIgniter\CodeIgniter->runController(Object(App\Controllers\Ingreso))
#9 C:\xampp\htdocs\fise\system\CodeIgniter.php(340): CodeIgniter\CodeIgniter->handleRequest(NULL, Object(Config\Cache), false)
#10 C:\xampp\htdocs\fise\index.php(67): CodeIgniter\CodeIgniter->run()
#11 {main}
CRITICAL - 2022-08-28 12:23:57 --> Unknown column 'persona.deleted_at' in 'where clause'
in SYSTEMPATH\Database\MySQLi\Connection.php on line 292.
 1 SYSTEMPATH\Database\MySQLi\Connection.php(292): mysqli->query('SELECT *
FROM `persona`
WHERE `persona`.`deleted_at` IS NULL
AND `persona`.`dni` = \'48411441\'', 0)
 2 SYSTEMPATH\Database\BaseConnection.php(693): CodeIgniter\Database\MySQLi\Connection->execute('SELECT *
FROM `persona`
WHERE `persona`.`deleted_at` IS NULL
AND `persona`.`dni` = \'48411441\'')
 3 SYSTEMPATH\Database\BaseConnection.php(620): CodeIgniter\Database\BaseConnection->simpleQuery('SELECT *
FROM `persona`
WHERE `persona`.`deleted_at` IS NULL
AND `persona`.`dni` = \'48411441\'')
 4 SYSTEMPATH\Database\BaseBuilder.php(1585): CodeIgniter\Database\BaseConnection->query('SELECT *
FROM `persona`
WHERE `persona`.`deleted_at` IS NULL
AND `persona`.`dni` = :persona.dni:', [...], false)
 5 SYSTEMPATH\Model.php(181): CodeIgniter\Database\BaseBuilder->get()
 6 SYSTEMPATH\BaseModel.php(523): CodeIgniter\Model->doFind(true, '48411441')
 7 APPPATH\Controllers\Ingreso.php(49): CodeIgniter\BaseModel->find('48411441')
 8 SYSTEMPATH\CodeIgniter.php(904): App\Controllers\Ingreso->signIn()
 9 SYSTEMPATH\CodeIgniter.php(457): CodeIgniter\CodeIgniter->runController(Object(App\Controllers\Ingreso))
10 SYSTEMPATH\CodeIgniter.php(340): CodeIgniter\CodeIgniter->handleRequest(null, Object(Config\Cache), false)
11 FCPATH\index.php(67): CodeIgniter\CodeIgniter->run()
CRITICAL - 2022-08-28 12:24:33 --> Trying to get property 'dni' of non-object
in APPPATH\Controllers\Ingreso.php on line 51.
 1 APPPATH\Controllers\Ingreso.php(51): CodeIgniter\Debug\Exceptions->errorHandler(8, 'Trying to get property \'dni\' of non-object', 'APPPATH\\Controllers\\Ingreso.php', 51, [...])
 2 SYSTEMPATH\CodeIgniter.php(904): App\Controllers\Ingreso->signIn()
 3 SYSTEMPATH\CodeIgniter.php(457): CodeIgniter\CodeIgniter->runController(Object(App\Controllers\Ingreso))
 4 SYSTEMPATH\CodeIgniter.php(340): CodeIgniter\CodeIgniter->handleRequest(null, Object(Config\Cache), false)
 5 FCPATH\index.php(67): CodeIgniter\CodeIgniter->run()
CRITICAL - 2022-08-28 12:24:51 --> Array to string conversion
in APPPATH\Controllers\Ingreso.php on line 51.
 1 APPPATH\Controllers\Ingreso.php(51): CodeIgniter\Debug\Exceptions->errorHandler(8, 'Array to string conversion', 'APPPATH\\Controllers\\Ingreso.php', 51, [...])
 2 SYSTEMPATH\CodeIgniter.php(904): App\Controllers\Ingreso->signIn()
 3 SYSTEMPATH\CodeIgniter.php(457): CodeIgniter\CodeIgniter->runController(Object(App\Controllers\Ingreso))
 4 SYSTEMPATH\CodeIgniter.php(340): CodeIgniter\CodeIgniter->handleRequest(null, Object(Config\Cache), false)
 5 FCPATH\index.php(67): CodeIgniter\CodeIgniter->run()
CRITICAL - 2022-08-28 12:26:42 --> Trying to get property 'dni' of non-object
in APPPATH\Controllers\Ingreso.php on line 51.
 1 APPPATH\Controllers\Ingreso.php(51): CodeIgniter\Debug\Exceptions->errorHandler(8, 'Trying to get property \'dni\' of non-object', 'APPPATH\\Controllers\\Ingreso.php', 51, [...])
 2 SYSTEMPATH\CodeIgniter.php(904): App\Controllers\Ingreso->signIn()
 3 SYSTEMPATH\CodeIgniter.php(457): CodeIgniter\CodeIgniter->runController(Object(App\Controllers\Ingreso))
 4 SYSTEMPATH\CodeIgniter.php(340): CodeIgniter\CodeIgniter->handleRequest(null, Object(Config\Cache), false)
 5 FCPATH\index.php(67): CodeIgniter\CodeIgniter->run()
CRITICAL - 2022-08-28 13:59:36 --> Undefined property: App\Controllers\Panel::$session
in APPPATH\Controllers\Panel.php on line 7.
 1 APPPATH\Controllers\Panel.php(7): CodeIgniter\Debug\Exceptions->errorHandler(8, 'Undefined property: App\\Controllers\\Panel::$session', 'APPPATH\\Controllers\\Panel.php', 7, [])
 2 SYSTEMPATH\CodeIgniter.php(866): App\Controllers\Panel->__construct()
 3 SYSTEMPATH\CodeIgniter.php(448): CodeIgniter\CodeIgniter->createController()
 4 SYSTEMPATH\CodeIgniter.php(340): CodeIgniter\CodeIgniter->handleRequest(null, Object(Config\Cache), false)
 5 FCPATH\index.php(67): CodeIgniter\CodeIgniter->run()
CRITICAL - 2022-08-28 14:01:26 --> Undefined property: CodeIgniter\View\View::$session
in APPPATH\Views\panel\panel.php on line 18.
 1 APPPATH\Views\panel\panel.php(18): CodeIgniter\Debug\Exceptions->errorHandler(8, 'Undefined property: CodeIgniter\\View\\View::$session', 'APPPATH\\Views\\panel\\panel.php', 18, [...])
 2 SYSTEMPATH\View\View.php(213): include('APPPATH\\Views\\panel\\panel.php')
 3 SYSTEMPATH\View\View.php(216): CodeIgniter\View\View->CodeIgniter\View\{closure}()
 4 SYSTEMPATH\Common.php(1137): CodeIgniter\View\View->render('panel/panel', [], true)
 5 APPPATH\Controllers\Panel.php(18): view('panel/panel', [...])
 6 SYSTEMPATH\CodeIgniter.php(904): App\Controllers\Panel->index()
 7 SYSTEMPATH\CodeIgniter.php(457): CodeIgniter\CodeIgniter->runController(Object(App\Controllers\Panel))
 8 SYSTEMPATH\CodeIgniter.php(340): CodeIgniter\CodeIgniter->handleRequest(null, Object(Config\Cache), false)
 9 FCPATH\index.php(67): CodeIgniter\CodeIgniter->run()
CRITICAL - 2022-08-28 14:06:24 --> The route for "ingreso" cannot be found.
in SYSTEMPATH\HTTP\RedirectResponse.php on line 60.
 1 SYSTEMPATH\HTTP\RedirectResponse.php(60): CodeIgniter\HTTP\Exceptions\HTTPException::forInvalidRedirectRoute('ingreso')
 2 APPPATH\Controllers\Panel.php(9): CodeIgniter\HTTP\RedirectResponse->route(false)
 3 SYSTEMPATH\CodeIgniter.php(866): App\Controllers\Panel->__construct()
 4 SYSTEMPATH\CodeIgniter.php(448): CodeIgniter\CodeIgniter->createController()
 5 SYSTEMPATH\CodeIgniter.php(340): CodeIgniter\CodeIgniter->handleRequest(null, Object(Config\Cache), false)
 6 FCPATH\index.php(67): CodeIgniter\CodeIgniter->run()
CRITICAL - 2022-08-28 14:27:50 --> Undefined variable: sessionf
in APPPATH\Controllers\Panel.php on line 11.
 1 APPPATH\Controllers\Panel.php(11): CodeIgniter\Debug\Exceptions->errorHandler(8, 'Undefined variable: sessionf', 'APPPATH\\Controllers\\Panel.php', 11, [])
 2 SYSTEMPATH\CodeIgniter.php(904): App\Controllers\Panel->index()
 3 SYSTEMPATH\CodeIgniter.php(457): CodeIgniter\CodeIgniter->runController(Object(App\Controllers\Panel))
 4 SYSTEMPATH\CodeIgniter.php(340): CodeIgniter\CodeIgniter->handleRequest(null, Object(Config\Cache), false)
 5 FCPATH\index.php(67): CodeIgniter\CodeIgniter->run()
CRITICAL - 2022-08-28 14:28:12 --> Declaration of App\Filters\Sessionf::before(CodeIgniter\HTTP\RequestInterface $request) must be compatible with CodeIgniter\Filters\FilterInterface::before(CodeIgniter\HTTP\RequestInterface $request, $arguments = NULL)
in APPPATH\Filters\sessionf.php on line 11.
 1 [internal function]: CodeIgniter\Debug\Exceptions->shutdownHandler()
CRITICAL - 2022-08-28 14:28:53 --> Declaration of App\Filters\Sessionf::before(CodeIgniter\HTTP\RequestInterface $request) must be compatible with CodeIgniter\Filters\FilterInterface::before(CodeIgniter\HTTP\RequestInterface $request, $arguments = NULL)
in APPPATH\Filters\sessionf.php on line 11.
 1 [internal function]: CodeIgniter\Debug\Exceptions->shutdownHandler()
CRITICAL - 2022-08-28 14:29:31 --> Declaration of App\Filters\Sessionf::before(CodeIgniter\HTTP\RequestInterface $request) must be compatible with CodeIgniter\Filters\FilterInterface::before(CodeIgniter\HTTP\RequestInterface $request, $arguments = NULL)
in APPPATH\Filters\sessionf.php on line 11.
 1 [internal function]: CodeIgniter\Debug\Exceptions->shutdownHandler()
CRITICAL - 2022-08-28 14:29:32 --> Declaration of App\Filters\Sessionf::before(CodeIgniter\HTTP\RequestInterface $request) must be compatible with CodeIgniter\Filters\FilterInterface::before(CodeIgniter\HTTP\RequestInterface $request, $arguments = NULL)
in APPPATH\Filters\sessionf.php on line 11.
 1 [internal function]: CodeIgniter\Debug\Exceptions->shutdownHandler()
CRITICAL - 2022-08-28 14:29:32 --> Declaration of App\Filters\Sessionf::before(CodeIgniter\HTTP\RequestInterface $request) must be compatible with CodeIgniter\Filters\FilterInterface::before(CodeIgniter\HTTP\RequestInterface $request, $arguments = NULL)
in APPPATH\Filters\sessionf.php on line 11.
 1 [internal function]: CodeIgniter\Debug\Exceptions->shutdownHandler()
CRITICAL - 2022-08-28 14:37:19 --> Undefined variable: sessionf
in APPPATH\Controllers\Panel.php on line 11.
 1 APPPATH\Controllers\Panel.php(11): CodeIgniter\Debug\Exceptions->errorHandler(8, 'Undefined variable: sessionf', 'APPPATH\\Controllers\\Panel.php', 11, [])
 2 SYSTEMPATH\CodeIgniter.php(904): App\Controllers\Panel->index()
 3 SYSTEMPATH\CodeIgniter.php(457): CodeIgniter\CodeIgniter->runController(Object(App\Controllers\Panel))
 4 SYSTEMPATH\CodeIgniter.php(340): CodeIgniter\CodeIgniter->handleRequest(null, Object(Config\Cache), false)
 5 FCPATH\index.php(67): CodeIgniter\CodeIgniter->run()
